0 info it worked if it ends with ok
1 verbose cli [ '/usr/local/Cellar/node@6/6.14.3/bin/node',
1 verbose cli   '/usr/local/opt/node@6/bin/npm',
1 verbose cli   'run',
1 verbose cli   'start' ]
2 info using npm@3.10.10
3 info using node@v6.14.3
4 verbose run-script [ 'prestart', 'start', 'poststart' ]
5 info lifecycle ls@1.0.0~prestart: ls@1.0.0
6 silly lifecycle ls@1.0.0~prestart: no script for prestart, continuing
7 info lifecycle ls@1.0.0~start: ls@1.0.0
8 verbose lifecycle ls@1.0.0~start: unsafe-perm in lifecycle true
9 verbose lifecycle ls@1.0.0~start: PATH: /usr/local/Cellar/node@6/6.14.3/lib/node_modules/npm/bin/node-gyp-bin:/Users/prai/my-diary/my-diary-api/node_modules/.bin:/usr/local/Cellar/node@6/6.14.3/bin:/usr/local/mongodb/bin/:/usr/local/mongodb/bin/:/Users/prai/opt/anaconda3/bin:/Users/prai/opt/anaconda3/condabin:/Users/prai/.nvm/versions/node/v10.15.0/bin:/usr/local/mongodb/bin:/usr/local/opt/node@6/bin:/usr/local/bin:/usr/bin:/bin:/usr/sbin:/sbin:/usr/local/share/dotnet:/Users/prai/.dotnet/tools:/Library/Apple/usr/bin:/Library/Frameworks/Mono.framework/Versions/Current/Commands:/Library/Java/JavaVirtualMachines/jdk1.8.0_181.jdk/Contents/Home/bin:/usr/local/Cellar/mongodb/3.6.5/bin/Desktop/flutter/bin
10 verbose lifecycle ls@1.0.0~start: CWD: /Users/prai/my-diary/my-diary-api
11 silly lifecycle ls@1.0.0~start: Args: [ '-c', 'nodemon server.js' ]
12 silly lifecycle ls@1.0.0~start: Returned: code: 1  signal: null
13 info lifecycle ls@1.0.0~start: Failed to exec start script
14 verbose stack Error: ls@1.0.0 start: `nodemon server.js`
14 verbose stack Exit status 1
14 verbose stack     at EventEmitter.<anonymous> (/usr/local/Cellar/node@6/6.14.3/lib/node_modules/npm/lib/utils/lifecycle.js:255:16)
14 verbose stack     at emitTwo (events.js:106:13)
14 verbose stack     at EventEmitter.emit (events.js:191:7)
14 verbose stack     at ChildProcess.<anonymous> (/usr/local/Cellar/node@6/6.14.3/lib/node_modules/npm/lib/utils/spawn.js:40:14)
14 verbose stack     at emitTwo (events.js:106:13)
14 verbose stack     at ChildProcess.emit (events.js:191:7)
14 verbose stack     at maybeClose (internal/child_process.js:920:16)
14 verbose stack     at Process.ChildProcess._handle.onexit (internal/child_process.js:230:5)
15 verbose pkgid ls@1.0.0
16 verbose cwd /Users/prai/my-diary/my-diary-api
17 error Darwin 20.5.0
18 error argv "/usr/local/Cellar/node@6/6.14.3/bin/node" "/usr/local/opt/node@6/bin/npm" "run" "start"
19 error node v6.14.3
20 error npm  v3.10.10
21 error code ELIFECYCLE
22 error ls@1.0.0 start: `nodemon server.js`
22 error Exit status 1
23 error Failed at the ls@1.0.0 start script 'nodemon server.js'.
23 error Make sure you have the latest version of node.js and npm installed.
23 error If you do, this is most likely a problem with the ls package,
23 error not with npm itself.
23 error Tell the author that this fails on your system:
23 error     nodemon server.js
23 error You can get information on how to open an issue for this project with:
23 error     npm bugs ls
23 error Or if that isn't available, you can get their info via:
23 error     npm owner ls ls
23 error There is likely additional logging output above.
24 verbose exit [ 1, true ]
